2010-03-15 10:40:31 Notice: Notice (1024): Please change the value of 'Security.salt' in app/config/core.php to a salt value specific to your application in [CORE/cake/libs/debugger.php, line 549]
2010-03-15 10:53:13 Notice: Notice (1024): Please change the value of 'Security.salt' in app/config/core.php to a salt value specific to your application in [CORE/cake/libs/debugger.php, line 549]
2010-03-15 14:25:53 Notice: Notice (8): Undefined variable: id in [APP/controllers/registrations_controller.php, line 12]
2010-03-15 14:31:31 Notice: Notice (8): Undefined variable: id in [APP/controllers/registrations_controller.php, line 12]
2010-03-15 14:31:31 Notice: Notice (8): Undefined variable: id in [APP/controllers/registrations_controller.php, line 12]
2010-03-15 14:57:24 Notice: Notice (8): Undefined variable: data in [APP/views/registrations/create.ctp, line 8]
2010-03-15 15:42:29 Notice: Notice (8): Undefined variable: id in [APP/controllers/registrations_controller.php, line 12]
2010-03-15 15:43:16 Notice: Notice (8): Undefined variable: id in [APP/controllers/registrations_controller.php, line 12]
2010-03-15 15:43:23 Notice: Notice (8): Undefined variable: id in [APP/controllers/registrations_controller.php, line 12]
2010-03-15 15:43:50 Notice: Notice (8): Undefined variable: id in [APP/controllers/registrations_controller.php, line 12]
2010-03-15 15:44:47 Notice: Notice (8): Undefined variable: id in [APP/controllers/registrations_controller.php, line 12]
2010-03-15 15:44:53 Notice: Notice (8): Undefined variable: id in [APP/controllers/registrations_controller.php, line 12]
2010-03-15 15:44:53 Notice: Notice (8): Undefined variable: id in [APP/controllers/registrations_controller.php, line 12]
2010-03-15 15:45:12 Notice: Notice (8): Undefined variable: id in [APP/controllers/registrations_controller.php, line 12]
2010-03-15 15:48:20 Notice: Notice (8): Undefined variable: id in [APP/controllers/registrations_controller.php, line 14]
2010-03-15 16:16:42 Notice: Notice (8): Undefined variable: id in [APP/controllers/registrations_controller.php, line 14]
2010-03-15 16:29:07 Notice: Notice (8): Undefined variable: id in [APP/controllers/registrations_controller.php, line 14]
2010-03-15 16:29:07 Notice: Notice (8): Undefined variable: javascript in [APP/views/registrations/create.ctp, line 2]
2010-03-15 16:29:13 Notice: Notice (8): Undefined variable: javascript in [APP/views/registrations/create.ctp, line 2]
2010-03-15 19:21:09 Notice: Notice (8): Undefined variable: id in [APP/controllers/registrations_controller.php, line 18]
2010-03-15 21:15:18 Notice: Notice (8): Undefined variable: id in [APP/controllers/registrations_controller.php, line 18]
2010-03-17 00:13:45 Notice: Notice (8): Undefined index:  event_id in [APP/controllers/registrations_controller.php, line 41]
2010-03-17 10:46:52 Notice: Notice (8): Undefined index:  event_id in [APP/controllers/registrations_controller.php, line 37]
