2010-03-15 10:40:31 Warning: Warning (512): Cache not configured properly. Please check Cache::config(); in APP/config/core.php in [CORE/cake/libs/configure.php, line 646]
2010-03-15 10:40:31 Warning: Warning (2): array_merge() [<a href='http://php.net/function.array-merge'>function.array-merge</a>]: Argument #1 is not an array in [CORE/cake/libs/configure.php, line 667]
2010-03-15 10:40:31 Warning: Warning (2): array_merge() [<a href='http://php.net/function.array-merge'>function.array-merge</a>]: Argument #1 is not an array in [CORE/cake/libs/configure.php, line 674]
2010-03-15 10:53:13 Warning: Warning (512): Cache not configured properly. Please check Cache::config(); in APP/config/core.php in [CORE/cake/libs/configure.php, line 646]
2010-03-15 10:53:13 Warning: Warning (2): array_merge() [<a href='http://php.net/function.array-merge'>function.array-merge</a>]: Argument #1 is not an array in [CORE/cake/libs/configure.php, line 667]
2010-03-15 10:53:13 Warning: Warning (2): array_merge() [<a href='http://php.net/function.array-merge'>function.array-merge</a>]: Argument #1 is not an array in [CORE/cake/libs/configure.php, line 674]
2010-03-15 10:54:46 Warning: Warning (512): Cache not configured properly. Please check Cache::config(); in APP/config/core.php in [CORE/cake/libs/configure.php, line 646]
2010-03-15 10:54:46 Warning: Warning (2): array_merge() [<a href='http://php.net/function.array-merge'>function.array-merge</a>]: Argument #1 is not an array in [CORE/cake/libs/configure.php, line 667]
2010-03-15 10:54:46 Warning: Warning (2): array_merge() [<a href='http://php.net/function.array-merge'>function.array-merge</a>]: Argument #1 is not an array in [CORE/cake/libs/configure.php, line 674]
2010-03-15 11:00:24 Warning: Warning (512): Cache not configured properly. Please check Cache::config(); in APP/config/core.php in [CORE/cake/libs/configure.php, line 646]
2010-03-15 11:00:24 Warning: Warning (2): array_merge() [<a href='http://php.net/function.array-merge'>function.array-merge</a>]: Argument #1 is not an array in [CORE/cake/libs/configure.php, line 667]
2010-03-15 11:00:24 Warning: Warning (2): array_merge() [<a href='http://php.net/function.array-merge'>function.array-merge</a>]: Argument #1 is not an array in [CORE/cake/libs/configure.php, line 674]
2010-03-15 11:01:38 Warning: Warning (512): Cache not configured properly. Please check Cache::config(); in APP/config/core.php in [CORE/cake/libs/configure.php, line 646]
2010-03-15 11:01:38 Warning: Warning (2): array_merge() [<a href='http://php.net/function.array-merge'>function.array-merge</a>]: Argument #1 is not an array in [CORE/cake/libs/configure.php, line 667]
2010-03-15 11:01:38 Warning: Warning (2): array_merge() [<a href='http://php.net/function.array-merge'>function.array-merge</a>]: Argument #1 is not an array in [CORE/cake/libs/configure.php, line 674]
2010-03-15 11:08:58 Warning: Warning (512): Cache not configured properly. Please check Cache::config(); in APP/config/core.php in [CORE/cake/libs/configure.php, line 646]
2010-03-15 11:08:58 Warning: Warning (2): array_merge() [<a href='http://php.net/function.array-merge'>function.array-merge</a>]: Argument #1 is not an array in [CORE/cake/libs/configure.php, line 667]
2010-03-15 11:08:58 Warning: Warning (2): array_merge() [<a href='http://php.net/function.array-merge'>function.array-merge</a>]: Argument #1 is not an array in [CORE/cake/libs/configure.php, line 674]
2010-03-15 11:08:59 Warning: Warning (512): Cache not configured properly. Please check Cache::config(); in APP/config/core.php in [CORE/cake/libs/configure.php, line 646]
2010-03-15 11:08:59 Warning: Warning (2): array_merge() [<a href='http://php.net/function.array-merge'>function.array-merge</a>]: Argument #1 is not an array in [CORE/cake/libs/configure.php, line 667]
2010-03-15 11:08:59 Warning: Warning (2): array_merge() [<a href='http://php.net/function.array-merge'>function.array-merge</a>]: Argument #1 is not an array in [CORE/cake/libs/configure.php, line 674]
2010-03-15 14:25:53 Warning: Warning (2): Missing argument 1 for RegistrationsController::create(), called in /Users/ollesvensson/Programering/SpikeLIA/Sbf-Anm-lan/cake/libs/object.php on line 116 and defined in [APP/controllers/registrations_controller.php, line 11]
2010-03-15 14:31:31 Warning: Warning (2): Missing argument 1 for RegistrationsController::create(), called in /Users/ollesvensson/Programering/SpikeLIA/Sbf-Anm-lan/cake/libs/object.php on line 116 and defined in [APP/controllers/registrations_controller.php, line 11]
2010-03-15 14:31:31 Warning: Warning (2): Missing argument 1 for RegistrationsController::create(), called in /Users/ollesvensson/Programering/SpikeLIA/Sbf-Anm-lan/cake/libs/object.php on line 116 and defined in [APP/controllers/registrations_controller.php, line 11]
2010-03-15 15:42:29 Warning: Warning (2): Missing argument 1 for RegistrationsController::create(), called in /Users/ollesvensson/Programering/SpikeLIA/Sbf-Anm-lan/cake/libs/object.php on line 116 and defined in [APP/controllers/registrations_controller.php, line 11]
2010-03-15 15:42:29 Warning: Warning (2): Cannot modify header information - headers already sent by (output started at /Users/ollesvensson/Programering/SpikeLIA/Sbf-Anm-lan/cake/basics.php:109) in [CORE/cake/libs/controller/controller.php, line 647]
2010-03-15 15:43:16 Warning: Warning (2): Missing argument 1 for RegistrationsController::create(), called in /Users/ollesvensson/Programering/SpikeLIA/Sbf-Anm-lan/cake/libs/object.php on line 116 and defined in [APP/controllers/registrations_controller.php, line 11]
2010-03-15 15:43:23 Warning: Warning (2): Missing argument 1 for RegistrationsController::create(), called in /Users/ollesvensson/Programering/SpikeLIA/Sbf-Anm-lan/cake/libs/object.php on line 116 and defined in [APP/controllers/registrations_controller.php, line 11]
2010-03-15 15:43:50 Warning: Warning (2): Missing argument 1 for RegistrationsController::create(), called in /Users/ollesvensson/Programering/SpikeLIA/Sbf-Anm-lan/cake/libs/object.php on line 116 and defined in [APP/controllers/registrations_controller.php, line 11]
2010-03-15 15:43:50 Warning: Warning (2): Cannot modify header information - headers already sent by (output started at /Users/ollesvensson/Programering/SpikeLIA/Sbf-Anm-lan/cake/basics.php:109) in [CORE/cake/libs/controller/controller.php, line 647]
2010-03-15 15:44:47 Warning: Warning (2): Missing argument 1 for RegistrationsController::create(), called in /Users/ollesvensson/Programering/SpikeLIA/Sbf-Anm-lan/cake/libs/object.php on line 116 and defined in [APP/controllers/registrations_controller.php, line 11]
2010-03-15 15:44:53 Warning: Warning (2): Missing argument 1 for RegistrationsController::create(), called in /Users/ollesvensson/Programering/SpikeLIA/Sbf-Anm-lan/cake/libs/object.php on line 116 and defined in [APP/controllers/registrations_controller.php, line 11]
2010-03-15 15:44:53 Warning: Warning (2): Missing argument 1 for RegistrationsController::create(), called in /Users/ollesvensson/Programering/SpikeLIA/Sbf-Anm-lan/cake/libs/object.php on line 116 and defined in [APP/controllers/registrations_controller.php, line 11]
2010-03-15 15:45:12 Warning: Warning (2): Missing argument 1 for RegistrationsController::create(), called in /Users/ollesvensson/Programering/SpikeLIA/Sbf-Anm-lan/cake/libs/object.php on line 116 and defined in [APP/controllers/registrations_controller.php, line 11]
2010-03-15 15:45:12 Warning: Warning (2): Cannot modify header information - headers already sent by (output started at /Users/ollesvensson/Programering/SpikeLIA/Sbf-Anm-lan/cake/basics.php:109) in [CORE/cake/libs/controller/controller.php, line 647]
2010-03-15 15:48:20 Warning: Warning (2): Missing argument 1 for RegistrationsController::create(), called in /Users/ollesvensson/Programering/SpikeLIA/Sbf-Anm-lan/cake/libs/object.php on line 116 and defined in [APP/controllers/registrations_controller.php, line 13]
2010-03-15 15:48:20 Warning: Warning (2): Cannot modify header information - headers already sent by (output started at /Users/ollesvensson/Programering/SpikeLIA/Sbf-Anm-lan/cake/basics.php:109) in [CORE/cake/libs/controller/controller.php, line 647]
2010-03-15 16:16:26 Warning: Warning (512): Method HtmlHelper::js does not exist in [CORE/cake/libs/view/helper.php, line 143]
2010-03-15 16:16:42 Warning: Warning (2): Missing argument 1 for RegistrationsController::create(), called in /Users/ollesvensson/Programering/SpikeLIA/Sbf-Anm-lan/cake/libs/object.php on line 116 and defined in [APP/controllers/registrations_controller.php, line 13]
2010-03-15 16:16:42 Warning: Warning (512): Method HtmlHelper::js does not exist in [CORE/cake/libs/view/helper.php, line 143]
2010-03-15 16:16:50 Warning: Warning (512): Method HtmlHelper::js does not exist in [CORE/cake/libs/view/helper.php, line 143]
2010-03-15 16:28:39 Warning: Warning (512): Method HtmlHelper::js does not exist in [CORE/cake/libs/view/helper.php, line 143]
2010-03-15 16:29:07 Warning: Warning (2): Missing argument 1 for RegistrationsController::create(), called in /Users/ollesvensson/Programering/SpikeLIA/Sbf-Anm-lan/cake/libs/object.php on line 116 and defined in [APP/controllers/registrations_controller.php, line 13]
2010-03-15 19:21:09 Warning: Warning (2): Missing argument 1 for RegistrationsController::create(), called in /Users/ollesvensson/Programering/SpikeLIA/Sbf-Anm-lan/cake/libs/object.php on line 116 and defined in [APP/controllers/registrations_controller.php, line 17]
2010-03-15 21:15:18 Warning: Warning (2): Missing argument 1 for RegistrationsController::create(), called in /Users/ollesvensson/Programering/SpikeLIA/Sbf-Anm-lan/cake/libs/object.php on line 116 and defined in [APP/controllers/registrations_controller.php, line 17]
2010-03-17 00:13:46 Warning: Warning (512): <span style = "color:Red;text-align:left"><b>SQL Error:</b> 1054: Unknown column 'first_name' in 'where clause'</span> in [CORE/cake/libs/model/datasources/dbo_source.php, line 527]
2010-03-17 10:18:11 Warning: Warning (2): Cannot modify header information - headers already sent by (output started at /Users/ollesvensson/Programering/SpikeLIA/Sbf-Anm-lan/app/controllers/registrations_controller.php:1) in [CORE/cake/libs/controller/controller.php, line 647]
2010-03-17 10:46:52 Warning: Warning (512): <span style = "color:Red;text-align:left"><b>SQL Error:</b> 1054: Unknown column 'first_name' in 'where clause'</span> in [CORE/cake/libs/model/datasources/dbo_source.php, line 527]
